<?xml version="1.0" encoding="UTF-8"?>
<!-- Generated by org.testng.reporters.JUnitXMLReporter -->
<testsuite ignored="0" hostname="LAPTOP-M0UH26NJ" failures="0" tests="4" name="Chrome Desktop" time="26.632" errors="0" timestamp="2026-02-09T11:31:21 IST">
  <testcase classname="com.framework.ai.tests.HomeTest" name="verifyNavigationToLogin" time="4.688"/>
  <testcase classname="com.framework.ai.tests.HomeTest" name="verifyNavigationToProducts" time="2.92"/>
  <testcase classname="com.framework.ai.tests.LoginTest" name="verifyInvalidLogin" time="6.347"/>
  <testcase classname="com.framework.ai.tests.LoginTest" name="verifyLoginPageHeader" time="4.265"/>
</testsuite> <!-- Chrome Desktop -->
