<?xml version="1.0" encoding="UTF-8"?>
<!-- Generated by org.testng.reporters.JUnitReportReporter -->
<testsuite hostname="LAPTOP-M0UH26NJ" failures="0" tests="2" name="com.framework.ai.tests.LoginTest" time="12.585" errors="0" timestamp="2026-02-09T11:31:22 IST" skipped="0">
  <testcase classname="com.framework.ai.tests.LoginTest" name="verifyLoginPageHeader" time="5.245"/>
  <testcase classname="com.framework.ai.tests.LoginTest" name="verifyInvalidLogin" time="7.340"/>
</testsuite> <!-- com.framework.ai.tests.LoginTest -->
