<?xml version="1.0" encoding="UTF-8"?>
<!-- Generated by org.testng.reporters.JUnitReportReporter -->
<testsuite hostname="LAPTOP-M0UH26NJ" failures="0" tests="4" name="com.framework.ai.tests.ProductsTest" time="33.790" errors="0" timestamp="2026-02-06T13:44:35 IST" skipped="0">
  <testcase classname="com.framework.ai.tests.ProductsTest" name="verifyProductsTitle" time="24.375"/>
  <testcase classname="com.framework.ai.tests.ProductsTest" name="verifyProductsAreDisplayed" time="4.410"/>
  <testcase classname="com.framework.ai.tests.ProductsTest" name="verifyProductsAreDisplayed" time="1.753"/>
  <testcase classname="com.framework.ai.tests.ProductsTest" name="verifyProductsTitle" time="3.252"/>
</testsuite> <!-- com.framework.ai.tests.ProductsTest -->
