<?xml version="1.0" encoding="UTF-8"?>
<!-- Generated by org.testng.reporters.JUnitReportReporter -->
<testsuite hostname="LAPTOP-M0UH26NJ" failures="0" tests="2" name="com.framework.ai.tests.HomeTest" time="13.954" errors="0" timestamp="2026-02-09T11:31:22 IST" skipped="0">
  <testcase classname="com.framework.ai.tests.HomeTest" name="verifyNavigationToLogin" time="10.085"/>
  <testcase classname="com.framework.ai.tests.HomeTest" name="verifyNavigationToProducts" time="3.869"/>
</testsuite> <!-- com.framework.ai.tests.HomeTest -->
